<?xml version="1.0" encoding="UTF-8"?>
<!-- Generated by org.testng.reporters.JUnitXMLReporter -->
<testsuite ignored="0" hostname="SAGAR-PC" failures="0" tests="3" name="Default test" time="0.135" errors="0" timestamp="2021-10-15T16:29:39 IST">
  <testcase classname="TestClass.TestClass" name="@BeforeTest beforeTest" time="-1.634295579184E9">
    <failure type="org.testng.TestNGException" message="
Parameter &amp;apos;browser&amp;apos; is required by BeforeTest on method beforeTest but has not been marked @Optional or defined
in C:\Users\SAGAR-PC\AppData\Local\Temp\testng-eclipse-1550843905\testng-customsuite.xml">
      <![CDATA[org.testng.TestNGException: 
Parameter 'browser' is required by BeforeTest on method beforeTest but has not been marked @Optional or defined
in C:\Users\SAGAR-PC\AppData\Local\Temp\testng-eclipse-1550843905\testng-customsuite.xml
at org.testng.internal.Parameters.createParams(Parameters.java:270)
at org.testng.internal.Parameters.createParametersForMethod(Parameters.java:358)
at org.testng.internal.Parameters.createParameters(Parameters.java:700)
at org.testng.internal.Parameters.createConfigurationParameters(Parameters.java:168)
at org.testng.internal.ConfigInvoker.invokeConfigurations(ConfigInvoker.java:302)
at org.testng.TestRunner.invokeTestConfigurations(TestRunner.java:637)
at org.testng.TestRunner.beforeRun(TestRunner.java:627)
at org.testng.TestRunner.run(TestRunner.java:589)
at org.testng.SuiteRunner.runTest(SuiteRunner.java:377)
at org.testng.SuiteRunner.runSequentially(SuiteRunner.java:371)
at org.testng.SuiteRunner.privateRun(SuiteRunner.java:332)
at org.testng.SuiteRunner.run(SuiteRunner.java:276)
at org.testng.SuiteRunnerWorker.runSuite(SuiteRunnerWorker.java:53)
at org.testng.SuiteRunnerWorker.run(SuiteRunnerWorker.java:96)
at org.testng.TestNG.runSuitesSequentially(TestNG.java:1212)
at org.testng.TestNG.runSuitesLocally(TestNG.java:1134)
at org.testng.TestNG.runSuites(TestNG.java:1063)
at org.testng.TestNG.run(TestNG.java:1031)
at org.testng.remote.AbstractRemoteTestNG.run(AbstractRemoteTestNG.java:115)
at org.testng.remote.RemoteTestNG.initAndRun(RemoteTestNG.java:251)
at org.testng.remote.RemoteTestNG.main(RemoteTestNG.java:77)
]]>
    </failure>
  </testcase> <!-- @BeforeTest beforeTest -->
  <testcase classname="TestClass.TestClass" name="@BeforeClass launchBrowser" time="-1.634295579239E9">
    <skipped/>
  </testcase> <!-- @BeforeClass launchBrowser -->
  <testcase classname="TestClass.TestClass" name="@BeforeMethod BeforeTest" time="-1.634295579267E9">
    <skipped/>
  </testcase> <!-- @BeforeMethod BeforeTest -->
  <testcase classname="TestClass.TestClass" name="@AfterMethod AfterMethod" time="-1.634295579278E9">
    <skipped/>
  </testcase> <!-- @AfterMethod AfterMethod -->
  <testcase classname="TestClass.TestClass" name="@BeforeMethod BeforeTest" time="-1.634295579282E9">
    <skipped/>
  </testcase> <!-- @BeforeMethod BeforeTest -->
  <testcase classname="TestClass.TestClass" name="@AfterMethod AfterMethod" time="-1.634295579294E9">
    <skipped/>
  </testcase> <!-- @AfterMethod AfterMethod -->
  <testcase classname="TestClass.TestClass" name="@BeforeMethod BeforeTest" time="-1.634295579296E9">
    <skipped/>
  </testcase> <!-- @BeforeMethod BeforeTest -->
  <testcase classname="TestClass.TestClass" name="@AfterMethod AfterMethod" time="-1.634295579303E9">
    <skipped/>
  </testcase> <!-- @AfterMethod AfterMethod -->
  <testcase classname="TestClass.TestClass" name="@AfterTest closeBrowser" time="-1.634295579309E9">
    <skipped/>
  </testcase> <!-- @AfterTest closeBrowser -->
  <testcase classname="TestClass.TestClass" name="testA" time="0.0">
    <skipped/>
  </testcase> <!-- testA -->
  <testcase classname="TestClass.TestClass" name="testB" time="0.0">
    <skipped/>
  </testcase> <!-- testB -->
  <testcase classname="TestClass.TestClass" name="testC" time="0.0">
    <skipped/>
  </testcase> <!-- testC -->
</testsuite> <!-- Default test -->
