<?xml version="1.0" encoding="UTF-8"?>
<!-- Generated by org.testng.reporters.JUnitXMLReporter -->
<testsuite ignored="0" hostname="SAGAR-PC" failures="0" tests="3" name="Test123" time="4.154" errors="0" timestamp="2021-10-15T14:53:25 IST">
  <testcase classname="TestClass.TestClass" name="@BeforeClass launchBrowser" time="3.763">
    <failure type="org.openqa.selenium.WebDriverException" message="unknown error: cannot determine loading status
from disconnected: received Inspector.detached event
  (Session info: chrome=94.0.4606.81)
Build info: version: &amp;apos;3.141.59&amp;apos;, revision: &amp;apos;e82be7d358&amp;apos;, time: &amp;apos;2018-11-14T08:17:03&amp;apos;
System info: host: &amp;apos;SAGAR-PC&amp;apos;, ip: &amp;apos;192.168.43.185&amp;apos;, os.name: &amp;apos;Windows 10&amp;apos;, os.arch: &amp;apos;amd64&amp;apos;, os.version: &amp;apos;10.0&amp;apos;, java.version: &amp;apos;16.0.1&amp;apos;
Driver info: org.openqa.selenium.chrome.ChromeDriver
Capabilities {acceptInsecureCerts: false, browserName: chrome, browserVersion: 94.0.4606.81, chrome: {chromedriverVersion: 94.0.4606.61 (418b78f5838ed..., userDataDir: C:\Users\SAGAR-PC\AppData\L...}, goog:chromeOptions: {debuggerAddress: localhost:64204}, javascriptEnabled: true, networkConnectionEnabled: false, pageLoadStrategy: normal, platform: WINDOWS, platformName: WINDOWS, proxy: Proxy(), setWindowRect: true, strictFileInteractability: false, timeouts: {implicit: 0, pageLoad: 300000, script: 30000}, unhandledPromptBehavior: dismiss and notify, webauthn:extension:credBlob: true, webauthn:extension:largeBlob: true, webauthn:virtualAuthenticators: true}
Session ID: 1ed26046cf1209ea0ffc5bc27251af67">
      <![CDATA[org.openqa.selenium.WebDriverException: unknown error: cannot determine loading status
from disconnected: received Inspector.detached event
  (Session info: chrome=94.0.4606.81)
Build info: version: '3.141.59', revision: 'e82be7d358', time: '2018-11-14T08:17:03'
System info: host: 'SAGAR-PC', ip: '192.168.43.185', os.name: 'Windows 10', os.arch: 'amd64', os.version: '10.0', java.version: '16.0.1'
Driver info: org.openqa.selenium.chrome.ChromeDriver
Capabilities {acceptInsecureCerts: false, browserName: chrome, browserVersion: 94.0.4606.81, chrome: {chromedriverVersion: 94.0.4606.61 (418b78f5838ed..., userDataDir: C:\Users\SAGAR-PC\AppData\L...}, goog:chromeOptions: {debuggerAddress: localhost:64204}, javascriptEnabled: true, networkConnectionEnabled: false, pageLoadStrategy: normal, platform: WINDOWS, platformName: WINDOWS, proxy: Proxy(), setWindowRect: true, strictFileInteractability: false, timeouts: {implicit: 0, pageLoad: 300000, script: 30000}, unhandledPromptBehavior: dismiss and notify, webauthn:extension:credBlob: true, webauthn:extension:largeBlob: true, webauthn:virtualAuthenticators: true}
Session ID: 1ed26046cf1209ea0ffc5bc27251af67
at org.openqa.selenium.remote.http.W3CHttpResponseCodec.createException(W3CHttpResponseCodec.java:187)
at org.openqa.selenium.remote.http.W3CHttpResponseCodec.decode(W3CHttpResponseCodec.java:122)
at org.openqa.selenium.remote.http.W3CHttpResponseCodec.decode(W3CHttpResponseCodec.java:49)
at org.openqa.selenium.remote.HttpCommandExecutor.execute(HttpCommandExecutor.java:158)
at org.openqa.selenium.remote.service.DriverCommandExecutor.execute(DriverCommandExecutor.java:83)
at org.openqa.selenium.remote.RemoteWebDriver.execute(RemoteWebDriver.java:552)
at org.openqa.selenium.remote.RemoteWebDriver.get(RemoteWebDriver.java:277)
at TestClass.TestClass.launchBrowser(TestClass.java:34)
at java.base/java.util.ArrayList.forEach(ArrayList.java:1511)
... Removed 30 stack frames]]>
    </failure>
  </testcase> <!-- @BeforeClass launchBrowser -->
  <testcase classname="TestClass.TestClass" name="@BeforeMethod BeforeTest" time="-1.634289804813E9">
    <skipped/>
  </testcase> <!-- @BeforeMethod BeforeTest -->
  <testcase classname="TestClass.TestClass" name="@AfterMethod logoutAfterTest" time="-1.634289804861E9">
    <skipped/>
  </testcase> <!-- @AfterMethod logoutAfterTest -->
  <testcase classname="TestClass.TestClass" name="@BeforeMethod BeforeTest" time="-1.634289804886E9">
    <skipped/>
  </testcase> <!-- @BeforeMethod BeforeTest -->
  <testcase classname="TestClass.TestClass" name="@AfterMethod logoutAfterTest" time="-1.634289805062E9">
    <skipped/>
  </testcase> <!-- @AfterMethod logoutAfterTest -->
  <testcase classname="TestClass.TestClass" name="@BeforeMethod BeforeTest" time="-1.634289805083E9">
    <skipped/>
  </testcase> <!-- @BeforeMethod BeforeTest -->
  <testcase classname="TestClass.TestClass" name="@AfterMethod logoutAfterTest" time="-1.634289805104E9">
    <skipped/>
  </testcase> <!-- @AfterMethod logoutAfterTest -->
  <testcase classname="TestClass.TestClass" name="@AfterClass closeBrowser" time="-1.634289805112E9">
    <skipped/>
  </testcase> <!-- @AfterClass closeBrowser -->
  <testcase classname="TestClass.TestClass" name="testA" time="0.0">
    <skipped/>
  </testcase> <!-- testA -->
  <testcase classname="TestClass.TestClass" name="testB" time="0.0">
    <skipped/>
  </testcase> <!-- testB -->
  <testcase classname="TestClass.TestClass" name="testC" time="0.0">
    <skipped/>
  </testcase> <!-- testC -->
</testsuite> <!-- Test123 -->
